
Pico area    1   1.0   33421.0   32940.33716235828
Pico area    2   2.0   1221.0   737.0081975143588
Pico area    3   12.0   19936.0   19435.84466941676
Pico area    4   13.0   14503.0   14001.681537121898
Pico area    5   14.0   16840.0   16337.59862084737
Pico area    6   19.0   26123.0   25467.71862823569
Pico area    7   20.0   2956.0   2447.5824193222097
Pico area    8   24.0   6844.0   6332.4941025392945
Pico area    9   25.0   8184.0   7671.5716183054365
Pico area    10   26.0   2850.0   2336.729350091914
Pico area    11   31.0   74832.0   74315.07952116666
Pico area    12   32.0   14198.0   13960.75641420316
Pico area    13   33.0   103383.0   102864.67574081078
Pico area    14   34.0   1804.0   1566.0946320353935
Pico area    15   41.0   901.0   661.0357541801166
Pico area    16   43.0   2941.0   2591.1723061226285
Pico area    17   44.0   5173.0   4822.744487347506
Pico area    18   50.0   22401.0   21872.24765816717
Pico area    19   51.0   21532.0   21179.0171426561
Pico area    20   63.0   6366.0   6008.845909598656
Pico area    21   64.0   1937.0   1691.2083945361633
Pico area    22   69.0   54010.0   53471.30087164557
Pico area    23   82.0   6749.0   6499.4031470715
Pico area    24   83.0   107558.0   107194.61579868593
Pico area    25   84.0   2790.0   2539.9619589596546
Pico area    26   100.0   520.0   266.9471735287133
Pico area    27   101.0   764.0   510.7449623107843
Pico area    28   102.0   1841.0   1587.5795167688425