
1   1.0   5.99215462749292   0.272701769708384
2   2.0   0.13406866661590996   0.01030120200743852
3   12.0   3.5355614607419343   0.1667828924296536
4   13.0   2.5470364921225523   0.12340655431903186
5   14.0   2.9719616012280006   0.14212986272630612
6   19.0   4.632815604700528   0.21434282187328804
7   20.0   0.44523807536710414   0.026809131867193955
8   24.0   1.1519397525615938   0.06055338325313069
9   25.0   1.395530444821993   0.07175420265762897
10   26.0   0.4250728679350697   0.02579636228628873
11   31.0   13.51860624408322   0.5903341740398355
12   32.0   2.539591830476573   0.12307728728473857
13   33.0   18.71204413324013   0.8068246774178488
14   34.0   0.28488722353353296   0.018594352994086988
15   41.0   0.12024857043281942   0.009486943645901672
16   43.0   0.4713584153141867   0.028114168846956018
17   44.0   0.8773022132298784   0.047724960604291225
18   50.0   3.9787658933960515   0.18605369566559998
19   51.0   3.8526607955348866   0.18057971910989168
20   63.0   1.0930651269786742   0.057823624322836
21   64.0   0.30764658410828566   0.019786757940425868
22   69.0   9.726928457861554   0.4311416010851894
23   82.0   1.182302064842567   0.06195740820182628
24   83.0   19.49970062341754   0.8395462103899333
25   84.0   0.46204277542818123   0.027649583791600547
26   100.0   0.048560181192805876   0.004914536109799889
27   101.0   0.09290927334151662   0.007827461246909606
28   102.0   0.2887955244972463   0.018799896590383114