
1   1.0   5.974899385474457   0.2719164870633749
2   2.0   0.1336825972579972   0.010271538264633237
3   12.0   3.525380320155818   0.166302617912002
4   13.0   2.539701946565302   0.12305118799526085
5   14.0   2.9634034247644827   0.14172058003387678
6   19.0   4.619474768314356   0.21372559192909157
7   20.0   0.44395595045146113   0.02673193124614342
8   24.0   1.148622581951553   0.06037901137055684
9   25.0   1.3915118209602098   0.07154757645892935
10   26.0   0.42384881153671683   0.02572207807599756
11   31.0   13.479677538634983   0.5886342247431183
12   32.0   2.5322787228571655   0.1227228691311532
13   33.0   18.658160201624312   0.8045013136295652
14   34.0   0.2840668511807427   0.018540807970462665
15   41.0   0.11990229796253425   0.0094596246732112
16   43.0   0.470001073249553   0.028033210190552795
17   44.0   0.8747758995825037   0.04758752994758382
18   50.0   3.967308484051113   0.18551792819184196
19   51.0   3.8415665233448824   0.1800597147123798
20   63.0   1.0899174940351883   0.05765711316047424
21   64.0   0.30676067301370447   0.019729779221042312
22   69.0   9.698918415552798   0.42990006892631966
23   82.0   1.1788974617346657   0.06177899323428622
24   83.0   19.443548525472526   0.8371286203999329
25   84.0   0.46071225904325414   0.027569962972430626
26   100.0   0.04842034540233782   0.004900384020066758
27   101.0   0.09264172817672535   0.007804920984416067
28   102.0   0.2879638976486692   0.01874575967540753