Numero de fragmentos   28
Tempo de voo maximo  3015

Dados do ajuste:
ix1, aa, ix2, bb
121   19.878048780487806   2894   24.51219512195122
acoef, bcoef
19.675837562558822   0.001671167090322183

Pico area    1   1.0   33421.0   32940.33716235828
Pico area    2   2.0   1221.0   737.0081975143588
Pico area    3   12.0   19936.0   19435.84466941676
Pico area    4   13.0   14503.0   14001.681537121898
Pico area    5   14.0   16840.0   16337.59862084737
Pico area    6   19.0   26123.0   25467.71862823569
Pico area    7   20.0   2956.0   2447.5824193222097
Pico area    8   24.0   6844.0   6332.4941025392945
Pico area    9   25.0   8184.0   7671.5716183054365
Pico area    10   26.0   2850.0   2336.729350091914
Pico area    11   31.0   74832.0   74315.07952116666
Pico area    12   32.0   14198.0   13960.75641420316
Pico area    13   33.0   103383.0   102864.67574081078
Pico area    14   34.0   1804.0   1566.0946320353935
Pico area    15   41.0   901.0   661.0357541801166
Pico area    16   43.0   2941.0   2591.1723061226285
Pico area    17   44.0   5173.0   4822.744487347506
Pico area    18   50.0   22401.0   21872.24765816717
Pico area    19   51.0   21532.0   21179.0171426561
Pico area    20   63.0   6366.0   6008.845909598656
Pico area    21   64.0   1937.0   1691.2083945361633
Pico area    22   69.0   54010.0   53471.30087164557
Pico area    23   82.0   6749.0   6499.4031470715
Pico area    24   83.0   107558.0   107194.61579868593
Pico area    25   84.0   2790.0   2539.9619589596546
Pico area    26   100.0   520.0   266.9471735287133
Pico area    27   101.0   764.0   510.7449623107843
Pico area    28   102.0   1841.0   1587.5795167688425

Area total    
562578.0   551311.9976955485

Area relativa pico pela area total

1   1.0   5.974899385474457   0.2719164870633749
2   2.0   0.1336825972579972   0.010271538264633237
3   12.0   3.525380320155818   0.166302617912002
4   13.0   2.539701946565302   0.12305118799526085
5   14.0   2.9634034247644827   0.14172058003387678
6   19.0   4.619474768314356   0.21372559192909157
7   20.0   0.44395595045146113   0.02673193124614342
8   24.0   1.148622581951553   0.06037901137055684
9   25.0   1.3915118209602098   0.07154757645892935
10   26.0   0.42384881153671683   0.02572207807599756
11   31.0   13.479677538634983   0.5886342247431183
12   32.0   2.5322787228571655   0.1227228691311532
13   33.0   18.658160201624312   0.8045013136295652
14   34.0   0.2840668511807427   0.018540807970462665
15   41.0   0.11990229796253425   0.0094596246732112
16   43.0   0.470001073249553   0.028033210190552795
17   44.0   0.8747758995825037   0.04758752994758382
18   50.0   3.967308484051113   0.18551792819184196
19   51.0   3.8415665233448824   0.1800597147123798
20   63.0   1.0899174940351883   0.05765711316047424
21   64.0   0.30676067301370447   0.019729779221042312
22   69.0   9.698918415552798   0.42990006892631966
23   82.0   1.1788974617346657   0.06177899323428622
24   83.0   19.443548525472526   0.8371286203999329
25   84.0   0.46071225904325414   0.027569962972430626
26   100.0   0.04842034540233782   0.004900384020066758
27   101.0   0.09264172817672535   0.007804920984416067
28   102.0   0.2879638976486692   0.01874575967540753

Area relativa pico pela area total menos pico
1   1.0   5.99215462749292   0.272701769708384
2   2.0   0.13406866661590996   0.01030120200743852
3   12.0   3.5355614607419343   0.1667828924296536
4   13.0   2.5470364921225523   0.12340655431903186
5   14.0   2.9719616012280006   0.14212986272630612
6   19.0   4.632815604700528   0.21434282187328804
7   20.0   0.44523807536710414   0.026809131867193955
8   24.0   1.1519397525615938   0.06055338325313069
9   25.0   1.395530444821993   0.07175420265762897
10   26.0   0.4250728679350697   0.02579636228628873
11   31.0   13.51860624408322   0.5903341740398355
12   32.0   2.539591830476573   0.12307728728473857
13   33.0   18.71204413324013   0.8068246774178488
14   34.0   0.28488722353353296   0.018594352994086988
15   41.0   0.12024857043281942   0.009486943645901672
16   43.0   0.4713584153141867   0.028114168846956018
17   44.0   0.8773022132298784   0.047724960604291225
18   50.0   3.9787658933960515   0.18605369566559998
19   51.0   3.8526607955348866   0.18057971910989168
20   63.0   1.0930651269786742   0.057823624322836
21   64.0   0.30764658410828566   0.019786757940425868
22   69.0   9.726928457861554   0.4311416010851894
23   82.0   1.182302064842567   0.06195740820182628
24   83.0   19.49970062341754   0.8395462103899333
25   84.0   0.46204277542818123   0.027649583791600547
26   100.0   0.048560181192805876   0.004914536109799889
27   101.0   0.09290927334151662   0.007827461246909606
28   102.0   0.2887955244972463   0.018799896590383114